<?xml version="1.0" encoding="UTF-8"?>
<!-- Generated by org.testng.reporters.JUnitXMLReporter -->
<testsuite ignored="0" hostname="DESKTOP-K07G969" failures="0" tests="3" name="StandAlone Test" time="44.442" errors="0" timestamp="2023-03-29T16:01:52 IST">
  <testcase classname="Practice_Project.SeleniumFrameworkDesign.StandaloneTest" name="submit_order" time="14.587"/>
  <testcase classname="Practice_Project.SeleniumFrameworkDesign.StandaloneTest" name="submit_order" time="14.548"/>
  <testcase classname="Practice_Project.SeleniumFrameworkDesign.StandaloneTest" name="orderdisplay" time="0.644"/>
</testsuite> <!-- StandAlone Test -->
