<?xml version="1.0" encoding="UTF-8"?>
<!-- Generated by org.testng.reporters.JUnitXMLReporter -->
<testsuite ignored="0" hostname="DESKTOP-K07G969" failures="0" tests="3" name="Default test" time="28.973" errors="0" timestamp="2023-04-04T12:16:09 IST">
  <testcase classname="Practice_Project.SeleniumFrameworkDesign.StandaloneTest" name="submit_order" time="2.909"/>
  <testcase classname="Practice_Project.SeleniumFrameworkDesign.StandaloneTest" name="submit_order" time="14.291"/>
  <testcase classname="Practice_Project.SeleniumFrameworkDesign.StandaloneTest" name="orderdisplay" time="0.715"/>
</testsuite> <!-- Default test -->
